1781106051.759274 client started (37775): version 3.6a, socket /run/user/1000/tmux-1000/default, protocol 8
1781106051.759314 on Linux 6.18.34 #1-NixOS SMP PREEMPT_DYNAMIC Mon Jun  1 15:51:08 UTC 2026
1781106051.759320 using libevent 2.1.12-stable poll
1781106051.759327 using utf8proc 2.11.3
1781106051.759331 using ncurses 6.6 20251230
1781106051.759349 flags are 0x18010000
1781106051.759360 socket is /run/user/1000/tmux-1000/default
1781106051.759372 trying connect
1781106051.759388 connect failed: Connection refused
1781106051.759401 lock file is /run/user/1000/tmux-1000/default.lock
1781106051.759419 flock succeeded
1781106051.759422 got lock (6)
1781106051.759430 trying connect
1781106051.759439 connect failed: Connection refused
1781106051.759637 add peer 0x62a0f96db0c0: 7 ((nil))
1781106051.760062 sending message 111 to peer 0x62a0f96db0c0 (8 bytes)
1781106051.760073 sending message 111 to peer 0x62a0f96db0c0 (8 bytes)
1781106051.760078 sending message 101 to peer 0x62a0f96db0c0 (5 bytes)
1781106051.760083 sending message 109 to peer 0x62a0f96db0c0 (4 bytes)
1781106051.760088 sending message 102 to peer 0x62a0f96db0c0 (11 bytes)
1781106051.760092 sending message 108 to peer 0x62a0f96db0c0 (16 bytes)
1781106051.760096 sending message 112 to peer 0x62a0f96db0c0 (58 bytes)
1781106051.760101 sending message 112 to peer 0x62a0f96db0c0 (5 bytes)
1781106051.760106 sending message 112 to peer 0x62a0f96db0c0 (5 bytes)
1781106051.760110 sending message 112 to peer 0x62a0f96db0c0 (6 bytes)
1781106051.760115 sending message 112 to peer 0x62a0f96db0c0 (6 bytes)
1781106051.760119 sending message 112 to peer 0x62a0f96db0c0 (11 bytes)
1781106051.760123 sending message 112 to peer 0x62a0f96db0c0 (10 bytes)
1781106051.760128 sending message 112 to peer 0x62a0f96db0c0 (13 bytes)
1781106051.760132 sending message 112 to peer 0x62a0f96db0c0 (14 bytes)
1781106051.760137 sending message 112 to peer 0x62a0f96db0c0 (19 bytes)
1781106051.760141 sending message 112 to peer 0x62a0f96db0c0 (11 bytes)
1781106051.760146 sending message 112 to peer 0x62a0f96db0c0 (11 bytes)
1781106051.760150 sending message 112 to peer 0x62a0f96db0c0 (16 bytes)
1781106051.760155 sending message 112 to peer 0x62a0f96db0c0 (21 bytes)
1781106051.760159 sending message 112 to peer 0x62a0f96db0c0 (13 bytes)
1781106051.760163 sending message 112 to peer 0x62a0f96db0c0 (7 bytes)
1781106051.760168 sending message 112 to peer 0x62a0f96db0c0 (13 bytes)
1781106051.760172 sending message 112 to peer 0x62a0f96db0c0 (7 bytes)
1781106051.760177 sending message 112 to peer 0x62a0f96db0c0 (13 bytes)
1781106051.760181 sending message 112 to peer 0x62a0f96db0c0 (9 bytes)
1781106051.760185 sending message 112 to peer 0x62a0f96db0c0 (21 bytes)
1781106051.760189 sending message 112 to peer 0x62a0f96db0c0 (13 bytes)
1781106051.760194 sending message 112 to peer 0x62a0f96db0c0 (9 bytes)
1781106051.760199 sending message 112 to peer 0x62a0f96db0c0 (16 bytes)
1781106051.760203 sending message 112 to peer 0x62a0f96db0c0 (13 bytes)
1781106051.760207 sending message 112 to peer 0x62a0f96db0c0 (9 bytes)
1781106051.760212 sending message 112 to peer 0x62a0f96db0c0 (9 bytes)
1781106051.760216 sending message 112 to peer 0x62a0f96db0c0 (12 bytes)
1781106051.760220 sending message 112 to peer 0x62a0f96db0c0 (8 bytes)
1781106051.760225 sending message 112 to peer 0x62a0f96db0c0 (8 bytes)
1781106051.760229 sending message 112 to peer 0x62a0f96db0c0 (13 bytes)
1781106051.760234 sending message 112 to peer 0x62a0f96db0c0 (7 bytes)
1781106051.760238 sending message 112 to peer 0x62a0f96db0c0 (7 bytes)
1781106051.760242 sending message 112 to peer 0x62a0f96db0c0 (9 bytes)
1781106051.760247 sending message 112 to peer 0x62a0f96db0c0 (7 bytes)
1781106051.760251 sending message 112 to peer 0x62a0f96db0c0 (9 bytes)
1781106051.760256 sending message 112 to peer 0x62a0f96db0c0 (15 bytes)
1781106051.760260 sending message 112 to peer 0x62a0f96db0c0 (13 bytes)
1781106051.760264 sending message 112 to peer 0x62a0f96db0c0 (12 bytes)
1781106051.760269 sending message 112 to peer 0x62a0f96db0c0 (8 bytes)
1781106051.760273 sending message 112 to peer 0x62a0f96db0c0 (14 bytes)
1781106051.760284 sending message 112 to peer 0x62a0f96db0c0 (11 bytes)
1781106051.760289 sending message 112 to peer 0x62a0f96db0c0 (9 bytes)
1781106051.760294 sending message 112 to peer 0x62a0f96db0c0 (10 bytes)
1781106051.760298 sending message 112 to peer 0x62a0f96db0c0 (10 bytes)
1781106051.760303 sending message 112 to peer 0x62a0f96db0c0 (10 bytes)
1781106051.760307 sending message 112 to peer 0x62a0f96db0c0 (10 bytes)
1781106051.760312 sending message 112 to peer 0x62a0f96db0c0 (11 bytes)
1781106051.760316 sending message 112 to peer 0x62a0f96db0c0 (12 bytes)
1781106051.760321 sending message 112 to peer 0x62a0f96db0c0 (12 bytes)
1781106051.760325 sending message 112 to peer 0x62a0f96db0c0 (12 bytes)
1781106051.760330 sending message 112 to peer 0x62a0f96db0c0 (12 bytes)
1781106051.760335 sending message 112 to peer 0x62a0f96db0c0 (12 bytes)
1781106051.760339 sending message 112 to peer 0x62a0f96db0c0 (11 bytes)
1781106051.760343 sending message 112 to peer 0x62a0f96db0c0 (11 bytes)
1781106051.760348 sending message 112 to peer 0x62a0f96db0c0 (12 bytes)
1781106051.760353 sending message 112 to peer 0x62a0f96db0c0 (12 bytes)
1781106051.760357 sending message 112 to peer 0x62a0f96db0c0 (12 bytes)
1781106051.760361 sending message 112 to peer 0x62a0f96db0c0 (12 bytes)
1781106051.760366 sending message 112 to peer 0x62a0f96db0c0 (12 bytes)
1781106051.760370 sending message 112 to peer 0x62a0f96db0c0 (9 bytes)
1781106051.760375 sending message 112 to peer 0x62a0f96db0c0 (12 bytes)
1781106051.760379 sending message 112 to peer 0x62a0f96db0c0 (13 bytes)
1781106051.760384 sending message 112 to peer 0x62a0f96db0c0 (13 bytes)
1781106051.760388 sending message 112 to peer 0x62a0f96db0c0 (13 bytes)
1781106051.760392 sending message 112 to peer 0x62a0f96db0c0 (13 bytes)
1781106051.760397 sending message 112 to peer 0x62a0f96db0c0 (13 bytes)
1781106051.760401 sending message 112 to peer 0x62a0f96db0c0 (8 bytes)
1781106051.760406 sending message 112 to peer 0x62a0f96db0c0 (11 bytes)
1781106051.760410 sending message 112 to peer 0x62a0f96db0c0 (11 bytes)
1781106051.760415 sending message 112 to peer 0x62a0f96db0c0 (11 bytes)
1781106051.760419 sending message 112 to peer 0x62a0f96db0c0 (12 bytes)
1781106051.760424 sending message 112 to peer 0x62a0f96db0c0 (12 bytes)
1781106051.760428 sending message 112 to peer 0x62a0f96db0c0 (12 bytes)
1781106051.760433 sending message 112 to peer 0x62a0f96db0c0 (12 bytes)
1781106051.760437 sending message 112 to peer 0x62a0f96db0c0 (13 bytes)
1781106051.760440 sending message 112 to peer 0x62a0f96db0c0 (13 bytes)
1781106051.760445 sending message 112 to peer 0x62a0f96db0c0 (13 bytes)
1781106051.760449 sending message 112 to peer 0x62a0f96db0c0 (8 bytes)
1781106051.760454 sending message 112 to peer 0x62a0f96db0c0 (13 bytes)
1781106051.760458 sending message 112 to peer 0x62a0f96db0c0 (13 bytes)
1781106051.760462 sending message 112 to peer 0x62a0f96db0c0 (13 bytes)
1781106051.760467 sending message 112 to peer 0x62a0f96db0c0 (13 bytes)
1781106051.760471 sending message 112 to peer 0x62a0f96db0c0 (13 bytes)
1781106051.760476 sending message 112 to peer 0x62a0f96db0c0 (12 bytes)
1781106051.760480 sending message 112 to peer 0x62a0f96db0c0 (12 bytes)
1781106051.760484 sending message 112 to peer 0x62a0f96db0c0 (12 bytes)
1781106051.760489 sending message 112 to peer 0x62a0f96db0c0 (12 bytes)
1781106051.760493 sending message 112 to peer 0x62a0f96db0c0 (13 bytes)
1781106051.760498 sending message 112 to peer 0x62a0f96db0c0 (8 bytes)
1781106051.760502 sending message 112 to peer 0x62a0f96db0c0 (13 bytes)
1781106051.760507 sending message 112 to peer 0x62a0f96db0c0 (13 bytes)
1781106051.760511 sending message 112 to peer 0x62a0f96db0c0 (13 bytes)
1781106051.760516 sending message 112 to peer 0x62a0f96db0c0 (13 bytes)
1781106051.760520 sending message 112 to peer 0x62a0f96db0c0 (13 bytes)
1781106051.760524 sending message 112 to peer 0x62a0f96db0c0 (13 bytes)
1781106051.760528 sending message 112 to peer 0x62a0f96db0c0 (13 bytes)
1781106051.760532 sending message 112 to peer 0x62a0f96db0c0 (12 bytes)
1781106051.760540 sending message 112 to peer 0x62a0f96db0c0 (12 bytes)
1781106051.760544 sending message 112 to peer 0x62a0f96db0c0 (12 bytes)
1781106051.760549 sending message 112 to peer 0x62a0f96db0c0 (8 bytes)
1781106051.760553 sending message 112 to peer 0x62a0f96db0c0 (12 bytes)
1781106051.760557 sending message 112 to peer 0x62a0f96db0c0 (13 bytes)
1781106051.760562 sending message 112 to peer 0x62a0f96db0c0 (13 bytes)
1781106051.760566 sending message 112 to peer 0x62a0f96db0c0 (13 bytes)
1781106051.760571 sending message 112 to peer 0x62a0f96db0c0 (13 bytes)
1781106051.760576 sending message 112 to peer 0x62a0f96db0c0 (13 bytes)
1781106051.760580 sending message 112 to peer 0x62a0f96db0c0 (13 bytes)
1781106051.760585 sending message 112 to peer 0x62a0f96db0c0 (13 bytes)
1781106051.760589 sending message 112 to peer 0x62a0f96db0c0 (13 bytes)
1781106051.760594 sending message 112 to peer 0x62a0f96db0c0 (12 bytes)
1781106051.760598 sending message 112 to peer 0x62a0f96db0c0 (10 bytes)
1781106051.760603 sending message 112 to peer 0x62a0f96db0c0 (12 bytes)
1781106051.760607 sending message 112 to peer 0x62a0f96db0c0 (12 bytes)
1781106051.760612 sending message 112 to peer 0x62a0f96db0c0 (12 bytes)
1781106051.760617 sending message 112 to peer 0x62a0f96db0c0 (13 bytes)
1781106051.760621 sending message 112 to peer 0x62a0f96db0c0 (13 bytes)
1781106051.760626 sending message 112 to peer 0x62a0f96db0c0 (13 bytes)
1781106051.760630 sending message 112 to peer 0x62a0f96db0c0 (13 bytes)
1781106051.760634 sending message 112 to peer 0x62a0f96db0c0 (13 bytes)
1781106051.760639 sending message 112 to peer 0x62a0f96db0c0 (13 bytes)
1781106051.760644 sending message 112 to peer 0x62a0f96db0c0 (13 bytes)
1781106051.760648 sending message 112 to peer 0x62a0f96db0c0 (10 bytes)
1781106051.760653 sending message 112 to peer 0x62a0f96db0c0 (13 bytes)
1781106051.760657 sending message 112 to peer 0x62a0f96db0c0 (12 bytes)
1781106051.760662 sending message 112 to peer 0x62a0f96db0c0 (12 bytes)
1781106051.760666 sending message 112 to peer 0x62a0f96db0c0 (12 bytes)
1781106051.760671 sending message 112 to peer 0x62a0f96db0c0 (10 bytes)
1781106051.760675 sending message 112 to peer 0x62a0f96db0c0 (10 bytes)
1781106051.760679 sending message 112 to peer 0x62a0f96db0c0 (10 bytes)
1781106051.760684 sending message 112 to peer 0x62a0f96db0c0 (12 bytes)
1781106051.760688 sending message 112 to peer 0x62a0f96db0c0 (13 bytes)
1781106051.760693 sending message 112 to peer 0x62a0f96db0c0 (13 bytes)
1781106051.760697 sending message 112 to peer 0x62a0f96db0c0 (13 bytes)
1781106051.760702 sending message 112 to peer 0x62a0f96db0c0 (13 bytes)
1781106051.760706 sending message 112 to peer 0x62a0f96db0c0 (13 bytes)
1781106051.760710 sending message 112 to peer 0x62a0f96db0c0 (10 bytes)
1781106051.760715 sending message 112 to peer 0x62a0f96db0c0 (11 bytes)
1781106051.760719 sending message 112 to peer 0x62a0f96db0c0 (12 bytes)
1781106051.760724 sending message 112 to peer 0x62a0f96db0c0 (12 bytes)
1781106051.760728 sending message 112 to peer 0x62a0f96db0c0 (12 bytes)
1781106051.760733 sending message 112 to peer 0x62a0f96db0c0 (12 bytes)
1781106051.760737 sending message 112 to peer 0x62a0f96db0c0 (12 bytes)
1781106051.760741 sending message 112 to peer 0x62a0f96db0c0 (11 bytes)
1781106051.760746 sending message 112 to peer 0x62a0f96db0c0 (12 bytes)
1781106051.760750 sending message 112 to peer 0x62a0f96db0c0 (12 bytes)
1781106051.760755 sending message 112 to peer 0x62a0f96db0c0 (13 bytes)
1781106051.760759 sending message 112 to peer 0x62a0f96db0c0 (13 bytes)
1781106051.760763 sending message 112 to peer 0x62a0f96db0c0 (13 bytes)
1781106051.760768 sending message 112 to peer 0x62a0f96db0c0 (13 bytes)
1781106051.760772 sending message 112 to peer 0x62a0f96db0c0 (13 bytes)
1781106051.760777 sending message 112 to peer 0x62a0f96db0c0 (10 bytes)
1781106051.760781 sending message 112 to peer 0x62a0f96db0c0 (9 bytes)
1781106051.760786 sending message 112 to peer 0x62a0f96db0c0 (12 bytes)
1781106051.760790 sending message 112 to peer 0x62a0f96db0c0 (13 bytes)
1781106051.760798 sending message 112 to peer 0x62a0f96db0c0 (13 bytes)
1781106051.760802 sending message 112 to peer 0x62a0f96db0c0 (13 bytes)
1781106051.760807 sending message 112 to peer 0x62a0f96db0c0 (13 bytes)
1781106051.760811 sending message 112 to peer 0x62a0f96db0c0 (13 bytes)
1781106051.760816 sending message 112 to peer 0x62a0f96db0c0 (9 bytes)
1781106051.760820 sending message 112 to peer 0x62a0f96db0c0 (12 bytes)
1781106051.760824 sending message 112 to peer 0x62a0f96db0c0 (13 bytes)
1781106051.760829 sending message 112 to peer 0x62a0f96db0c0 (13 bytes)
1781106051.760833 sending message 112 to peer 0x62a0f96db0c0 (13 bytes)
1781106051.760838 sending message 112 to peer 0x62a0f96db0c0 (13 bytes)
1781106051.760842 sending message 112 to peer 0x62a0f96db0c0 (13 bytes)
1781106051.760846 sending message 112 to peer 0x62a0f96db0c0 (11 bytes)
1781106051.760851 sending message 112 to peer 0x62a0f96db0c0 (12 bytes)
1781106051.760855 sending message 112 to peer 0x62a0f96db0c0 (13 bytes)
1781106051.760860 sending message 112 to peer 0x62a0f96db0c0 (13 bytes)
1781106051.760864 sending message 112 to peer 0x62a0f96db0c0 (13 bytes)
1781106051.760869 sending message 112 to peer 0x62a0f96db0c0 (13 bytes)
1781106051.760873 sending message 112 to peer 0x62a0f96db0c0 (13 bytes)
1781106051.760877 sending message 112 to peer 0x62a0f96db0c0 (11 bytes)
1781106051.760882 sending message 112 to peer 0x62a0f96db0c0 (12 bytes)
1781106051.760886 sending message 112 to peer 0x62a0f96db0c0 (12 bytes)
1781106051.760891 sending message 112 to peer 0x62a0f96db0c0 (12 bytes)
1781106051.760895 sending message 112 to peer 0x62a0f96db0c0 (12 bytes)
1781106051.760899 sending message 112 to peer 0x62a0f96db0c0 (12 bytes)
1781106051.760904 sending message 112 to peer 0x62a0f96db0c0 (22 bytes)
1781106051.760919 sending message 112 to peer 0x62a0f96db0c0 (12 bytes)
1781106051.760924 sending message 112 to peer 0x62a0f96db0c0 (39 bytes)
1781106051.760928 sending message 112 to peer 0x62a0f96db0c0 (9 bytes)
1781106051.760933 sending message 112 to peer 0x62a0f96db0c0 (6 bytes)
1781106051.760937 sending message 112 to peer 0x62a0f96db0c0 (13 bytes)
1781106051.760943 sending message 112 to peer 0x62a0f96db0c0 (10 bytes)
1781106051.760947 sending message 112 to peer 0x62a0f96db0c0 (24 bytes)
1781106051.760951 sending message 112 to peer 0x62a0f96db0c0 (13 bytes)
1781106051.760956 sending message 112 to peer 0x62a0f96db0c0 (8 bytes)
1781106051.760960 sending message 112 to peer 0x62a0f96db0c0 (70 bytes)
1781106051.760965 sending message 112 to peer 0x62a0f96db0c0 (69 bytes)
1781106051.760969 sending message 112 to peer 0x62a0f96db0c0 (69 bytes)
1781106051.760974 sending message 112 to peer 0x62a0f96db0c0 (35 bytes)
1781106051.760978 sending message 112 to peer 0x62a0f96db0c0 (35 bytes)
1781106051.760983 sending message 112 to peer 0x62a0f96db0c0 (70 bytes)
1781106051.760988 sending message 112 to peer 0x62a0f96db0c0 (12 bytes)
1781106051.760992 sending message 112 to peer 0x62a0f96db0c0 (10 bytes)
1781106051.760997 sending message 112 to peer 0x62a0f96db0c0 (10 bytes)
1781106051.761001 sending message 112 to peer 0x62a0f96db0c0 (24 bytes)
1781106051.761006 sending message 112 to peer 0x62a0f96db0c0 (13 bytes)
1781106051.761010 sending message 112 to peer 0x62a0f96db0c0 (10 bytes)
1781106051.761015 sending message 112 to peer 0x62a0f96db0c0 (10 bytes)
1781106051.761019 sending message 112 to peer 0x62a0f96db0c0 (17 bytes)
1781106051.761023 sending message 112 to peer 0x62a0f96db0c0 (10 bytes)
1781106051.761028 sending message 112 to peer 0x62a0f96db0c0 (13 bytes)
1781106051.761032 sending message 112 to peer 0x62a0f96db0c0 (32 bytes)
1781106051.761037 sending message 112 to peer 0x62a0f96db0c0 (5 bytes)
1781106051.761041 sending message 112 to peer 0x62a0f96db0c0 (9 bytes)
1781106051.761046 sending message 112 to peer 0x62a0f96db0c0 (15 bytes)
1781106051.761050 sending message 112 to peer 0x62a0f96db0c0 (5 bytes)
1781106051.761055 sending message 104 to peer 0x62a0f96db0c0 (0 bytes)
1781106051.761061 sending message 110 to peer 0x62a0f96db0c0 (0 bytes)
1781106051.761069 sending message 107 to peer 0x62a0f96db0c0 (4 bytes)
1781106051.761073 sending message 105 to peer 0x62a0f96db0c0 (38 bytes)
1781106051.761078 sending message 105 to peer 0x62a0f96db0c0 (21 bytes)
1781106051.761082 sending message 105 to peer 0x62a0f96db0c0 (20 bytes)
1781106051.761087 sending message 105 to peer 0x62a0f96db0c0 (224 bytes)
1781106051.761091 sending message 105 to peer 0x62a0f96db0c0 (35 bytes)
1781106051.761096 sending message 105 to peer 0x62a0f96db0c0 (37 bytes)
1781106051.761101 sending message 105 to peer 0x62a0f96db0c0 (517 bytes)
1781106051.761105 sending message 105 to peer 0x62a0f96db0c0 (51 bytes)
1781106051.761110 sending message 105 to peer 0x62a0f96db0c0 (112 bytes)
1781106051.761114 sending message 105 to peer 0x62a0f96db0c0 (15 bytes)
1781106051.761119 sending message 105 to peer 0x62a0f96db0c0 (16 bytes)
1781106051.761123 sending message 105 to peer 0x62a0f96db0c0 (11 bytes)
1781106051.761128 sending message 105 to peer 0x62a0f96db0c0 (15 bytes)
1781106051.761132 sending message 105 to peer 0x62a0f96db0c0 (20 bytes)
1781106051.761137 sending message 105 to peer 0x62a0f96db0c0 (164 bytes)
1781106051.761141 sending message 105 to peer 0x62a0f96db0c0 (25 bytes)
1781106051.761146 sending message 105 to peer 0x62a0f96db0c0 (12 bytes)
1781106051.761150 sending message 105 to peer 0x62a0f96db0c0 (25 bytes)
1781106051.761155 sending message 105 to peer 0x62a0f96db0c0 (76 bytes)
1781106051.761159 sending message 105 to peer 0x62a0f96db0c0 (22 bytes)
1781106051.761163 sending message 105 to peer 0x62a0f96db0c0 (43 bytes)
1781106051.761168 sending message 105 to peer 0x62a0f96db0c0 (15 bytes)
1781106051.761172 sending message 105 to peer 0x62a0f96db0c0 (13 bytes)
1781106051.761177 sending message 105 to peer 0x62a0f96db0c0 (17 bytes)
1781106051.761181 sending message 105 to peer 0x62a0f96db0c0 (27 bytes)
1781106051.761186 sending message 105 to peer 0x62a0f96db0c0 (25 bytes)
1781106051.761191 sending message 105 to peer 0x62a0f96db0c0 (125 bytes)
1781106051.761195 sending message 105 to peer 0x62a0f96db0c0 (26 bytes)
1781106051.761200 sending message 105 to peer 0x62a0f96db0c0 (167 bytes)
1781106051.761204 sending message 105 to peer 0x62a0f96db0c0 (47 bytes)
1781106051.761209 sending message 105 to peer 0x62a0f96db0c0 (52 bytes)
1781106051.761213 sending message 105 to peer 0x62a0f96db0c0 (16 bytes)
1781106051.761218 sending message 105 to peer 0x62a0f96db0c0 (14 bytes)
1781106051.761222 sending message 105 to peer 0x62a0f96db0c0 (56 bytes)
1781106051.761227 sending message 105 to peer 0x62a0f96db0c0 (407 bytes)
1781106051.761231 sending message 105 to peer 0x62a0f96db0c0 (23 bytes)
1781106051.761236 sending message 105 to peer 0x62a0f96db0c0 (10 bytes)
1781106051.761240 sending message 105 to peer 0x62a0f96db0c0 (89 bytes)
1781106051.761245 sending message 105 to peer 0x62a0f96db0c0 (678 bytes)
1781106051.761249 sending message 105 to peer 0x62a0f96db0c0 (9 bytes)
1781106051.761254 sending message 105 to peer 0x62a0f96db0c0 (78 bytes)
1781106051.761258 sending message 105 to peer 0x62a0f96db0c0 (11 bytes)
1781106051.761263 sending message 105 to peer 0x62a0f96db0c0 (8 bytes)
1781106051.761267 sending message 105 to peer 0x62a0f96db0c0 (11 bytes)
1781106051.761272 sending message 105 to peer 0x62a0f96db0c0 (298 bytes)
1781106051.761276 sending message 105 to peer 0x62a0f96db0c0 (31 bytes)
1781106051.761281 sending message 105 to peer 0x62a0f96db0c0 (11 bytes)
1781106051.761285 sending message 105 to peer 0x62a0f96db0c0 (17 bytes)
1781106051.761290 sending message 105 to peer 0x62a0f96db0c0 (107 bytes)
1781106051.761295 sending message 105 to peer 0x62a0f96db0c0 (20 bytes)
1781106051.761299 sending message 105 to peer 0x62a0f96db0c0 (72 bytes)
1781106051.761304 sending message 105 to peer 0x62a0f96db0c0 (255 bytes)
1781106051.761308 sending message 105 to peer 0x62a0f96db0c0 (84 bytes)
1781106051.761312 sending message 105 to peer 0x62a0f96db0c0 (31 bytes)
1781106051.761317 sending message 105 to peer 0x62a0f96db0c0 (83 bytes)
1781106051.761325 sending message 105 to peer 0x62a0f96db0c0 (23 bytes)
1781106051.761329 sending message 105 to peer 0x62a0f96db0c0 (22 bytes)
1781106051.761333 sending message 105 to peer 0x62a0f96db0c0 (260 bytes)
1781106051.761338 sending message 105 to peer 0x62a0f96db0c0 (212 bytes)
1781106051.761343 sending message 105 to peer 0x62a0f96db0c0 (257 bytes)
1781106051.761347 sending message 105 to peer 0x62a0f96db0c0 (54 bytes)
1781106051.761352 sending message 105 to peer 0x62a0f96db0c0 (17 bytes)
1781106051.761356 sending message 106 to peer 0x62a0f96db0c0 (0 bytes)
1781106051.761412 sending message 200 to peer 0x62a0f96db0c0 (4 bytes)
1781106051.761416 client loop enter
1781106051.761431 client_signal: Child exited
1781106051.837863 peer 0x62a0f96db0c0 message 207
1781106051.837874 sending message 208 to peer 0x62a0f96db0c0 (0 bytes)
1781106051.862682 peer 0x62a0f96db0c0 message 203
1781106051.862695 sending message 205 to peer 0x62a0f96db0c0 (0 bytes)
1781106051.862820 peer 0x62a0f96db0c0 message 204
1781106051.862824 client loop exit
